<?xml version="1.0" encoding="UTF-8"?>
<testsuite name="com.thoughtworks.CalculatorTest" tests="8" skipped="0" failures="0" errors="0" timestamp="2019-09-20T13:02:42" hostname="Satyajits-MacBook-Pro.local" time="0.013">
  <properties/>
  <testcase name="givenTwoAndOne_whenAdded_shouldReturnThree()" classname="com.thoughtworks.CalculatorTest" time="0.008"/>
  <testcase name="givenTwoZeros_whenMultiplied_shouldReturnZero()" classname="com.thoughtworks.CalculatorTest" time="0.001"/>
  <testcase name="givenTwoZeros_whenAdded_shouldReturnZero()" classname="com.thoughtworks.CalculatorTest" time="0.0"/>
  <testcase name="givenOneZero_whenSubtracted_shouldReturnOne()" classname="com.thoughtworks.CalculatorTest" time="0.0"/>
  <testcase name="givenTwoOnes_whenAdded_shouldReturnTwo()" classname="com.thoughtworks.CalculatorTest" time="0.0"/>
  <testcase name="givenTwoOne_whenSubtracted_shouldReturnOne()" classname="com.thoughtworks.CalculatorTest" time="0.001"/>
  <testcase name="givenZeroAndOne_whenMultiplied_shouldReturnZero()" classname="com.thoughtworks.CalculatorTest" time="0.0"/>
  <testcase name="givenTwoZeros_whenSubtracted_shouldReturnZero()" classname="com.thoughtworks.CalculatorTest" time="0.0"/>
  <system-out><![CDATA[]]></system-out>
  <system-err><![CDATA[]]></system-err>
</testsuite>
