<?xml version="1.0" encoding="UTF-8"?>
<testsuite name="com.thoughtworks.CalculatorTest" tests="2" skipped="0" failures="0" errors="0" timestamp="2019-09-20T12:47:03" hostname="Satyajits-MacBook-Pro.local" time="0.01">
  <properties/>
  <testcase name="givenTwoZeros_whenAdded_shouldReturnZero()" classname="com.thoughtworks.CalculatorTest" time="0.009"/>
  <testcase name="givenTwoOnes_whenAdded_shouldReturnOne()" classname="com.thoughtworks.CalculatorTest" time="0.0"/>
  <system-out><![CDATA[]]></system-out>
  <system-err><![CDATA[]]></system-err>
</testsuite>
